Active-HDL 13.0.376.8320 2022-11-04 01:12:59

Elaboration top modules:
Architecture                  artithmetic(conv_b2d)


-------------------------------------------------------------------------------------------------
Entity   | Architecture | Library       | Info | Compiler Version          | Compilation Options
-------------------------------------------------------------------------------------------------
conv_b2d | artithmetic  | state_machine |      | 13.0.376.8320 (Windows64) | -O3
-------------------------------------------------------------------------------------------------

-------------------------------------------------------------------------------------------------
VHDL Package            | Library       | Info | Compiler Version          | Compilation Options
-------------------------------------------------------------------------------------------------
standard                | std           |      |                           | <unavailable>
TEXTIO                  | std           |      | 13.0.376.8320 (Windows64) |  -2019
std_logic_1164          | ieee          |      | 13.0.376.8320 (Windows64) |  -2008
NUMERIC_STD             | ieee          |      | 13.0.376.8320 (Windows64) |  -2008
std_logic_arith         | ieee          |      | 13.0.376.8320 (Windows64) | <unavailable>
STD_LOGIC_UNSIGNED      | ieee          |      | 13.0.376.8320 (Windows64) | <unavailable>
-------------------------------------------------------------------------------------------------

-------------------------------------------------------------------------------------------------
Library                 | Comment
-------------------------------------------------------------------------------------------------
ieee                    | Standard IEEE packages library
state_machine           | None
std                     | Standard VHDL library
-------------------------------------------------------------------------------------------------
